This is pdfTeX, Version 3.1415926-1.40.10 (TeX Live 2009/Debian) (format=pdflatex 2011.4.4)  2 SEP 2011 12:39
entering extended mode
 %&-line parsing enabled.
**Ecosimulation_SIGCSE.tex
(./Ecosimulation_SIGCSE.tex
LaTeX2e <2009/09/24>
Babel <v3.8l> and hyphenation patterns for english, usenglishmax, dumylang, noh
yphenation, loaded.
(./sig-alternate.cls

! LaTeX Error: Missing \begin{document}.

See the LaTeX manual or LaTeX Companion for explanation.
Type  H <return>  for immediate help.
 ...                                              
                                                  
l.1 r
     e% SIG-ALTERNATE.CLS - VERSION 2.4
? 
! Emergency stop.
 ...                                              
                                                  
l.1 r
     e% SIG-ALTERNATE.CLS - VERSION 2.4
You're in trouble here.  Try typing  <return>  to proceed.
If that doesn't work, type  X <return>  to quit.

 
Here is how much of TeX's memory you used:
 13 strings out of 495061
 435 string characters out of 1182622
 45108 words of memory out of 3000000
 3285 multiletter control sequences out of 15000+50000
 3640 words of font info for 14 fonts, out of 3000000 for 9000
 28 hyphenation exceptions out of 8191
 12i,0n,7p,141b,14s stack positions out of 5000i,500n,10000p,200000b,50000s
!  ==> Fatal error occurred, no output PDF file produced!
